[debug] [2019-03-07T22:31:41.006Z] ----------------------------------------------------------------------
[debug] [2019-03-07T22:31:41.010Z] Command:       C:\Program Files\nodejs\node.exe C:\Users\deep\AppData\Roaming\npm\node_modules\firebase-tools\lib\bin\firebase.js deploy
[debug] [2019-03-07T22:31:41.010Z] CLI Version:   6.2.2
[debug] [2019-03-07T22:31:41.010Z] Platform:      win32
[debug] [2019-03-07T22:31:41.010Z] Node Version:  v10.11.0
[debug] [2019-03-07T22:31:41.012Z] Time:          Fri Mar 08 2019 09:31:41 GMT+1100 (Australian Eastern Daylight Time)
[debug] [2019-03-07T22:31:41.012Z] ----------------------------------------------------------------------
[debug] 
[debug] [2019-03-07T22:31:41.032Z] > command requires scopes: ["email","openid","https://www.googleapis.com/auth/cloudplatformprojects.readonly","https://www.googleapis.com/auth/firebase","https://www.googleapis.com/auth/cloud-platform"]
[debug] [2019-03-07T22:31:41.033Z] > authorizing via signed-in user
[debug] [2019-03-07T22:31:41.034Z] [iam] checking project synopsis-465b0 for permissions ["firebase.projects.get","firebasehosting.sites.update"]
[debug] [2019-03-07T22:31:41.037Z] >>> HTTP REQUEST POST https://cloudresourcemanager.googleapis.com/v1/projects/synopsis-465b0:testIamPermissions  

[debug] [2019-03-07T22:31:43.068Z] <<< HTTP RESPONSE 200
[debug] [2019-03-07T22:31:43.070Z] >>> HTTP REQUEST GET https://firebase.googleapis.com/v1beta1/projects/synopsis-465b0  
 
[debug] [2019-03-07T22:31:44.072Z] <<< HTTP RESPONSE 200
[info] 
[info] === Deploying to 'synopsis-465b0'...
[info] 
[info] i  deploying hosting
[debug] [2019-03-07T22:31:44.082Z] >>> HTTP REQUEST POST https://firebasehosting.googleapis.com/v1beta1/sites/synopsis-465b0/versions  

[debug] [2019-03-07T22:31:46.289Z] <<< HTTP RESPONSE 200
[info] i  hosting[synopsis-465b0]: beginning deploy...
[info] i  hosting[synopsis-465b0]: found 42 files in build
[debug] [2019-03-07T22:31:46.341Z] [hosting] hash cache [YnVpbGQ] load error: lines is not defined
